# JRE version: OpenJDK Runtime Environment (8.0_212-b04) (build 1.8.0_212-release-1586-b04)
# Java VM: OpenJDK 64-Bit Server VM (25.212-b04 mixed mode windows-amd64 compressed oops)
Heap:
 PSYoungGen      total 381952K, used 141105K [0x00000000e0000000, 0x00000000fd900000, 0x0000000100000000)
  eden space 317952K, 40% used [0x00000000e0000000,0x00000000e7cbf348,0x00000000f3680000)
  from space 64000K, 20% used [0x00000000f3680000,0x00000000f438d2c8,0x00000000f7500000)
  to   space 62464K, 0% used [0x00000000f9c00000,0x00000000f9c00000,0x00000000fd900000)
 ParOldGen       total 199680K, used 89272K [0x00000000a0000000, 0x00000000ac300000, 0x00000000e0000000)
  object space 199680K, 44% used [0x00000000a0000000,0x00000000a572e3b8,0x00000000ac300000)
 Metaspace       used 116249K, capacity 121322K, committed 121856K, reserved 1155072K
  class space    used 14623K, capacity 15601K, committed 15872K, reserved 1048576K
GC Heap History (10 events):
Event: 8958.499 GC heap before
{Heap before GC invocations=39 (full 4):
 PSYoungGen      total 291840K, used 290686K [0x00000000e0000000, 0x00000000f6500000, 0x0000000100000000)
  eden space 238592K, 100% used [0x00000000e0000000,0x00000000ee900000,0x00000000ee900000)
  from space 53248K, 97% used [0x00000000f2400000,0x00000000f56dfa18,0x00000000f5800000)
  to   space 60416K, 0% used [0x00000000ee900000,0x00000000ee900000,0x00000000f2400000)
 ParOldGen       total 199680K, used 54742K [0x00000000a0000000, 0x00000000ac300000, 0x00000000e0000000)
  object space 199680K, 27% used [0x00000000a0000000,0x00000000a3575978,0x00000000ac300000)
 Metaspace       used 110382K, capacity 115362K, committed 116352K, reserved 1150976K
  class space    used 13996K, capacity 14939K, committed 15232K, reserved 1048576K
Event: 8958.621 GC heap after
Heap after GC invocations=39 (full 4):
 PSYoungGen      total 299008K, used 45960K [0x00000000e0000000, 0x00000000f8b00000, 0x0000000100000000)
  eden space 238592K, 0% used [0x00000000e0000000,0x00000000e0000000,0x00000000ee900000)
  from space 60416K, 76% used [0x00000000ee900000,0x00000000f15e2320,0x00000000f2400000)
  to   space 63488K, 0% used [0x00000000f4d00000,0x00000000f4d00000,0x00000000f8b00000)
 ParOldGen       total 199680K, used 71436K [0x00000000a0000000, 0x00000000ac300000, 0x00000000e0000000)
  object space 199680K, 35% used [0x00000000a0000000,0x00000000a45c3220,0x00000000ac300000)
 Metaspace       used 110382K, capacity 115362K, committed 116352K, reserved 1150976K
  class space    used 13996K, capacity 14939K, committed 15232K, reserved 1048576K
}
Event: 8959.457 GC heap before
{Heap before GC invocations=40 (full 4):
 PSYoungGen      total 299008K, used 284552K [0x00000000e0000000, 0x00000000f8b00000, 0x0000000100000000)
  eden space 238592K, 100% used [0x00000000e0000000,0x00000000ee900000,0x00000000ee900000)
  from space 60416K, 76% used [0x00000000ee900000,0x00000000f15e2320,0x00000000f2400000)
  to   space 63488K, 0% used [0x00000000f4d00000,0x00000000f4d00000,0x00000000f8b00000)
 ParOldGen       total 199680K, used 71436K [0x00000000a0000000, 0x00000000ac300000, 0x00000000e0000000)
  object space 199680K, 35% used [0x00000000a0000000,0x00000000a45c3220,0x00000000ac300000)
 Metaspace       used 110391K, capacity 115362K, committed 116352K, reserved 1150976K
  class space    used 13996K, capacity 14939K, committed 15232K, reserved 1048576K
Event: 8959.509 GC heap after
Heap after GC invocations=40 (full 4):
 PSYoungGen      total 340480K, used 39539K [0x00000000e0000000, 0x00000000f8c80000, 0x0000000100000000)
  eden space 276992K, 0% used [0x00000000e0000000,0x00000000e0000000,0x00000000f0e80000)
  from space 63488K, 62% used [0x00000000f4d00000,0x00000000f739cf40,0x00000000f8b00000)
  to   space 64000K, 0% used [0x00000000f0e80000,0x00000000f0e80000,0x00000000f4d00000)
 ParOldGen       total 199680K, used 85647K [0x00000000a0000000, 0x00000000ac300000, 0x00000000e0000000)
  object space 199680K, 42% used [0x00000000a0000000,0x00000000a53a3c60,0x00000000ac300000)
 Metaspace       used 110391K, capacity 115362K, committed 116352K, reserved 1150976K
  class space    used 13996K, capacity 14939K, committed 15232K, reserved 1048576K
}
Event: 8959.957 GC heap before
{Heap before GC invocations=41 (full 4):
 PSYoungGen      total 340480K, used 316531K [0x00000000e0000000, 0x00000000f8c80000, 0x0000000100000000)
  eden space 276992K, 100% used [0x00000000e0000000,0x00000000f0e80000,0x00000000f0e80000)
  from space 63488K, 62% used [0x00000000f4d00000,0x00000000f739cf40,0x00000000f8b00000)
  to   space 64000K, 0% used [0x00000000f0e80000,0x00000000f0e80000,0x00000000f4d00000)
 ParOldGen       total 199680K, used 85647K [0x00000000a0000000, 0x00000000ac300000, 0x00000000e0000000)
  object space 199680K, 42% used [0x00000000a0000000,0x00000000a53a3c60,0x00000000ac300000)
 Metaspace       used 110408K, capacity 115362K, committed 116352K, reserved 1150976K
  class space    used 13996K, capacity 14939K, committed 15232K, reserved 1048576K
Event: 8959.968 GC heap after
Heap after GC invocations=41 (full 4):
 PSYoungGen      total 340992K, used 12129K [0x00000000e0000000, 0x00000000fb580000, 0x0000000100000000)
  eden space 276992K, 0% used [0x00000000e0000000,0x00000000e0000000,0x00000000f0e80000)
  from space 64000K, 18% used [0x00000000f0e80000,0x00000000f1a585f8,0x00000000f4d00000)
  to   space 64000K, 0% used [0x00000000f7700000,0x00000000f7700000,0x00000000fb580000)
 ParOldGen       total 199680K, used 86132K [0x00000000a0000000, 0x00000000ac300000, 0x00000000e0000000)
  object space 199680K, 43% used [0x00000000a0000000,0x00000000a541d280,0x00000000ac300000)
 Metaspace       used 110408K, capacity 115362K, committed 116352K, reserved 1150976K
  class space    used 13996K, capacity 14939K, committed 15232K, reserved 1048576K
}
Event: 8961.228 GC heap before
{Heap before GC invocations=42 (full 4):
 PSYoungGen      total 340992K, used 289121K [0x00000000e0000000, 0x00000000fb580000, 0x0000000100000000)
  eden space 276992K, 100% used [0x00000000e0000000,0x00000000f0e80000,0x00000000f0e80000)
  from space 64000K, 18% used [0x00000000f0e80000,0x00000000f1a585f8,0x00000000f4d00000)
  to   space 64000K, 0% used [0x00000000f7700000,0x00000000f7700000,0x00000000fb580000)
 ParOldGen       total 199680K, used 86132K [0x00000000a0000000, 0x00000000ac300000, 0x00000000e0000000)
  object space 199680K, 43% used [0x00000000a0000000,0x00000000a541d280,0x00000000ac300000)
 Metaspace       used 110498K, capacity 115464K, committed 116352K, reserved 1150976K
  class space    used 14001K, capacity 14972K, committed 15232K, reserved 1048576K
Event: 8961.258 GC heap after
Heap after GC invocations=42 (full 4):
 PSYoungGen      total 379904K, used 8536K [0x00000000e0000000, 0x00000000fb380000, 0x0000000100000000)
  eden space 317952K, 0% used [0x00000000e0000000,0x00000000e0000000,0x00000000f3680000)
  from space 61952K, 13% used [0x00000000f7700000,0x00000000f7f56368,0x00000000fb380000)
  to   space 64000K, 0% used [0x00000000f3680000,0x00000000f3680000,0x00000000f7500000)
 ParOldGen       total 199680K, used 88221K [0x00000000a0000000, 0x00000000ac300000, 0x00000000e0000000)
  object space 199680K, 44% used [0x00000000a0000000,0x00000000a5627548,0x00000000ac300000)
 Metaspace       used 110498K, capacity 115464K, committed 116352K, reserved 1150976K
  class space    used 14001K, capacity 14972K, committed 15232K, reserved 1048576K
}
Event: 8972.872 GC heap before
{Heap before GC invocations=43 (full 4):
 PSYoungGen      total 379904K, used 326488K [0x00000000e0000000, 0x00000000fb380000, 0x0000000100000000)
  eden space 317952K, 100% used [0x00000000e0000000,0x00000000f3680000,0x00000000f3680000)
  from space 61952K, 13% used [0x00000000f7700000,0x00000000f7f56368,0x00000000fb380000)
  to   space 64000K, 0% used [0x00000000f3680000,0x00000000f3680000,0x00000000f7500000)
 ParOldGen       total 199680K, used 88221K [0x00000000a0000000, 0x00000000ac300000, 0x00000000e0000000)
  object space 199680K, 44% used [0x00000000a0000000,0x00000000a5627548,0x00000000ac300000)
 Metaspace       used 113721K, capacity 118718K, committed 119552K, reserved 1153024K
  class space    used 14341K, capacity 15303K, committed 15616K, reserved 1048576K
Event: 8972.897 GC heap after
Heap after GC invocations=43 (full 4):
 PSYoungGen      total 381952K, used 13364K [0x00000000e0000000, 0x00000000fd900000, 0x0000000100000000)
  eden space 317952K, 0% used [0x00000000e0000000,0x00000000e0000000,0x00000000f3680000)
  from space 64000K, 20% used [0x00000000f3680000,0x00000000f438d2c8,0x00000000f7500000)
  to   space 62464K, 0% used [0x00000000f9c00000,0x00000000f9c00000,0x00000000fd900000)
 ParOldGen       total 199680K, used 89272K [0x00000000a0000000, 0x00000000ac300000, 0x00000000e0000000)
  object space 199680K, 44% used [0x00000000a0000000,0x00000000a572e3b8,0x00000000ac300000)
 Metaspace       used 113721K, capacity 118718K, committed 119552K, reserved 1153024K
  class space    used 14341K, capacity 15303K, committed 15616K, reserved 1048576K
}

