# JRE version: OpenJDK Runtime Environment (8.0_212-b04) (build 1.8.0_212-release-1586-b04)
# Java VM: OpenJDK 64-Bit Server VM (25.212-b04 mixed mode windows-amd64 compressed oops)
Heap:
 PSYoungGen      total 68608K, used 39304K [0x00000000d5c00000, 0x00000000db900000, 0x0000000100000000)
  eden space 63488K, 53% used [0x00000000d5c00000,0x00000000d7d669c8,0x00000000d9a00000)
  from space 5120K, 99% used [0x00000000d9d00000,0x00000000da1fb7e8,0x00000000da200000)
  to   space 15872K, 0% used [0x00000000da980000,0x00000000da980000,0x00000000db900000)
 ParOldGen       total 68096K, used 36347K [0x0000000081400000, 0x0000000085680000, 0x00000000d5c00000)
  object space 68096K, 53% used [0x0000000081400000,0x000000008377ee38,0x0000000085680000)
 Metaspace       used 41924K, capacity 42652K, committed 43056K, reserved 1087488K
  class space    used 5142K, capacity 5308K, committed 5424K, reserved 1048576K
GC Heap History (10 events):
Event: 3.016 GC heap before
{Heap before GC invocations=5 (full 1):
 PSYoungGen      total 38400K, used 33280K [0x00000000d5c00000, 0x00000000da700000, 0x0000000100000000)
  eden space 33280K, 100% used [0x00000000d5c00000,0x00000000d7c80000,0x00000000d7c80000)
  from space 5120K, 0% used [0x00000000d7c80000,0x00000000d7c80000,0x00000000d8180000)
  to   space 5120K, 0% used [0x00000000da200000,0x00000000da200000,0x00000000da700000)
 ParOldGen       total 68096K, used 9199K [0x0000000081400000, 0x0000000085680000, 0x00000000d5c00000)
  object space 68096K, 13% used [0x0000000081400000,0x0000000081cfbdb0,0x0000000085680000)
 Metaspace       used 24753K, capacity 25254K, committed 25392K, reserved 1071104K
  class space    used 2964K, capacity 3090K, committed 3120K, reserved 1048576K
Event: 3.025 GC heap after
Heap after GC invocations=5 (full 1):
 PSYoungGen      total 51200K, used 5118K [0x00000000d5c00000, 0x00000000da700000, 0x0000000100000000)
  eden space 46080K, 0% used [0x00000000d5c00000,0x00000000d5c00000,0x00000000d8900000)
  from space 5120K, 99% used [0x00000000da200000,0x00000000da6ff8a0,0x00000000da700000)
  to   space 5120K, 0% used [0x00000000d9d00000,0x00000000d9d00000,0x00000000da200000)
 ParOldGen       total 68096K, used 11560K [0x0000000081400000, 0x0000000085680000, 0x00000000d5c00000)
  object space 68096K, 16% used [0x0000000081400000,0x0000000081f4a238,0x0000000085680000)
 Metaspace       used 24753K, capacity 25254K, committed 25392K, reserved 1071104K
  class space    used 2964K, capacity 3090K, committed 3120K, reserved 1048576K
}
Event: 4.055 GC heap before
{Heap before GC invocations=6 (full 1):
 PSYoungGen      total 51200K, used 51198K [0x00000000d5c00000, 0x00000000da700000, 0x0000000100000000)
  eden space 46080K, 100% used [0x00000000d5c00000,0x00000000d8900000,0x00000000d8900000)
  from space 5120K, 99% used [0x00000000da200000,0x00000000da6ff8a0,0x00000000da700000)
  to   space 5120K, 0% used [0x00000000d9d00000,0x00000000d9d00000,0x00000000da200000)
 ParOldGen       total 68096K, used 11560K [0x0000000081400000, 0x0000000085680000, 0x00000000d5c00000)
  object space 68096K, 16% used [0x0000000081400000,0x0000000081f4a238,0x0000000085680000)
 Metaspace       used 32483K, capacity 33009K, committed 33328K, reserved 1079296K
  class space    used 4122K, capacity 4281K, committed 4400K, reserved 1048576K
Event: 4.067 GC heap after
Heap after GC invocations=6 (full 1):
 PSYoungGen      total 68608K, used 5090K [0x00000000d5c00000, 0x00000000db900000, 0x0000000100000000)
  eden space 63488K, 0% used [0x00000000d5c00000,0x00000000d5c00000,0x00000000d9a00000)
  from space 5120K, 99% used [0x00000000d9d00000,0x00000000da1f8918,0x00000000da200000)
  to   space 15872K, 0% used [0x00000000da980000,0x00000000da980000,0x00000000db900000)
 ParOldGen       total 68096K, used 23024K [0x0000000081400000, 0x0000000085680000, 0x00000000d5c00000)
  object space 68096K, 33% used [0x0000000081400000,0x0000000082a7c0a0,0x0000000085680000)
 Metaspace       used 32483K, capacity 33009K, committed 33328K, reserved 1079296K
  class space    used 4122K, capacity 4281K, committed 4400K, reserved 1048576K
}
Event: 4.453 GC heap before
{Heap before GC invocations=7 (full 1):
 PSYoungGen      total 68608K, used 12768K [0x00000000d5c00000, 0x00000000db900000, 0x0000000100000000)
  eden space 63488K, 12% used [0x00000000d5c00000,0x00000000d637f980,0x00000000d9a00000)
  from space 5120K, 99% used [0x00000000d9d00000,0x00000000da1f8918,0x00000000da200000)
  to   space 15872K, 0% used [0x00000000da980000,0x00000000da980000,0x00000000db900000)
 ParOldGen       total 68096K, used 23024K [0x0000000081400000, 0x0000000085680000, 0x00000000d5c00000)
  object space 68096K, 33% used [0x0000000081400000,0x0000000082a7c0a0,0x0000000085680000)
 Metaspace       used 34731K, capacity 35286K, committed 35496K, reserved 1081344K
  class space    used 4426K, capacity 4583K, committed 4656K, reserved 1048576K
Event: 4.469 GC heap after
Heap after GC invocations=7 (full 1):
 PSYoungGen      total 79360K, used 7291K [0x00000000d5c00000, 0x00000000db900000, 0x0000000100000000)
  eden space 63488K, 0% used [0x00000000d5c00000,0x00000000d5c00000,0x00000000d9a00000)
  from space 15872K, 45% used [0x00000000da980000,0x00000000db09ec38,0x00000000db900000)
  to   space 5120K, 0% used [0x00000000d9d00000,0x00000000d9d00000,0x00000000da200000)
 ParOldGen       total 68096K, used 23032K [0x0000000081400000, 0x0000000085680000, 0x00000000d5c00000)
  object space 68096K, 33% used [0x0000000081400000,0x0000000082a7e0a0,0x0000000085680000)
 Metaspace       used 34731K, capacity 35286K, committed 35496K, reserved 1081344K
  class space    used 4426K, capacity 4583K, committed 4656K, reserved 1048576K
}
Event: 4.469 GC heap before
{Heap before GC invocations=8 (full 2):
 PSYoungGen      total 79360K, used 7291K [0x00000000d5c00000, 0x00000000db900000, 0x0000000100000000)
  eden space 63488K, 0% used [0x00000000d5c00000,0x00000000d5c00000,0x00000000d9a00000)
  from space 15872K, 45% used [0x00000000da980000,0x00000000db09ec38,0x00000000db900000)
  to   space 5120K, 0% used [0x00000000d9d00000,0x00000000d9d00000,0x00000000da200000)
 ParOldGen       total 68096K, used 23032K [0x0000000081400000, 0x0000000085680000, 0x00000000d5c00000)
  object space 68096K, 33% used [0x0000000081400000,0x0000000082a7e0a0,0x0000000085680000)
 Metaspace       used 34731K, capacity 35286K, committed 35496K, reserved 1081344K
  class space    used 4426K, capacity 4583K, committed 4656K, reserved 1048576K
Event: 4.623 GC heap after
Heap after GC invocations=8 (full 2):
 PSYoungGen      total 79360K, used 0K [0x00000000d5c00000, 0x00000000db900000, 0x0000000100000000)
  eden space 63488K, 0% used [0x00000000d5c00000,0x00000000d5c00000,0x00000000d9a00000)
  from space 15872K, 0% used [0x00000000da980000,0x00000000da980000,0x00000000db900000)
  to   space 5120K, 0% used [0x00000000d9d00000,0x00000000d9d00000,0x00000000da200000)
 ParOldGen       total 68096K, used 24001K [0x0000000081400000, 0x0000000085680000, 0x00000000d5c00000)
  object space 68096K, 35% used [0x0000000081400000,0x0000000082b706a8,0x0000000085680000)
 Metaspace       used 34731K, capacity 35286K, committed 35496K, reserved 1081344K
  class space    used 4426K, capacity 4583K, committed 4656K, reserved 1048576K
}
Event: 6.679 GC heap before
{Heap before GC invocations=9 (full 2):
 PSYoungGen      total 79360K, used 63488K [0x00000000d5c00000, 0x00000000db900000, 0x0000000100000000)
  eden space 63488K, 100% used [0x00000000d5c00000,0x00000000d9a00000,0x00000000d9a00000)
  from space 15872K, 0% used [0x00000000da980000,0x00000000da980000,0x00000000db900000)
  to   space 5120K, 0% used [0x00000000d9d00000,0x00000000d9d00000,0x00000000da200000)
 ParOldGen       total 68096K, used 24001K [0x0000000081400000, 0x0000000085680000, 0x00000000d5c00000)
  object space 68096K, 35% used [0x0000000081400000,0x0000000082b706a8,0x0000000085680000)
 Metaspace       used 41251K, capacity 41984K, committed 42288K, reserved 1085440K
  class space    used 5117K, capacity 5302K, committed 5424K, reserved 1048576K
Event: 6.700 GC heap after
Heap after GC invocations=9 (full 2):
 PSYoungGen      total 68608K, used 5101K [0x00000000d5c00000, 0x00000000db900000, 0x0000000100000000)
  eden space 63488K, 0% used [0x00000000d5c00000,0x00000000d5c00000,0x00000000d9a00000)
  from space 5120K, 99% used [0x00000000d9d00000,0x00000000da1fb7e8,0x00000000da200000)
  to   space 15872K, 0% used [0x00000000da980000,0x00000000da980000,0x00000000db900000)
 ParOldGen       total 68096K, used 36347K [0x0000000081400000, 0x0000000085680000, 0x00000000d5c00000)
  object space 68096K, 53% used [0x0000000081400000,0x000000008377ee38,0x0000000085680000)
 Metaspace       used 41251K, capacity 41984K, committed 42288K, reserved 1085440K
  class space    used 5117K, capacity 5302K, committed 5424K, reserved 1048576K
}

