# JRE version: OpenJDK Runtime Environment (8.0_212-b04) (build 1.8.0_212-release-1586-b04)
# Java VM: OpenJDK 64-Bit Server VM (25.212-b04 mixed mode windows-amd64 compressed oops)
Heap:
 PSYoungGen      total 249344K, used 54999K [0x00000000e0000000, 0x00000000f0e00000, 0x0000000100000000)
  eden space 223232K, 16% used [0x00000000e0000000,0x00000000e24e0858,0x00000000eda00000)
  from space 26112K, 66% used [0x00000000ef480000,0x00000000f0555468,0x00000000f0e00000)
  to   space 26624K, 0% used [0x00000000eda00000,0x00000000eda00000,0x00000000ef400000)
 ParOldGen       total 137216K, used 57082K [0x00000000a0000000, 0x00000000a8600000, 0x00000000e0000000)
  object space 137216K, 41% used [0x00000000a0000000,0x00000000a37be9e8,0x00000000a8600000)
 Metaspace       used 83136K, capacity 86602K, committed 86784K, reserved 1124352K
  class space    used 11034K, capacity 11694K, committed 11776K, reserved 1048576K
GC Heap History (10 events):
Event: 11.212 GC heap before
{Heap before GC invocations=15 (full 3):
 PSYoungGen      total 185344K, used 2755K [0x00000000e0000000, 0x00000000ed600000, 0x0000000100000000)
  eden space 166400K, 0% used [0x00000000e0000000,0x00000000e0000000,0x00000000ea280000)
  from space 18944K, 14% used [0x00000000eb500000,0x00000000eb7b0c88,0x00000000ec780000)
  to   space 18944K, 0% used [0x00000000ea280000,0x00000000ea280000,0x00000000eb500000)
 ParOldGen       total 92672K, used 32867K [0x00000000a0000000, 0x00000000a5a80000, 0x00000000e0000000)
  object space 92672K, 35% used [0x00000000a0000000,0x00000000a2018f30,0x00000000a5a80000)
 Metaspace       used 57294K, capacity 59022K, committed 59096K, reserved 1099776K
  class space    used 7841K, capacity 8260K, committed 8320K, reserved 1048576K
Event: 11.547 GC heap after
Heap after GC invocations=15 (full 3):
 PSYoungGen      total 185344K, used 0K [0x00000000e0000000, 0x00000000ed600000, 0x0000000100000000)
  eden space 166400K, 0% used [0x00000000e0000000,0x00000000e0000000,0x00000000ea280000)
  from space 18944K, 0% used [0x00000000eb500000,0x00000000eb500000,0x00000000ec780000)
  to   space 18944K, 0% used [0x00000000ea280000,0x00000000ea280000,0x00000000eb500000)
 ParOldGen       total 137216K, used 30195K [0x00000000a0000000, 0x00000000a8600000, 0x00000000e0000000)
  object space 137216K, 22% used [0x00000000a0000000,0x00000000a1d7cc68,0x00000000a8600000)
 Metaspace       used 57294K, capacity 59022K, committed 59096K, reserved 1099776K
  class space    used 7841K, capacity 8260K, committed 8320K, reserved 1048576K
}
Event: 14.740 GC heap before
{Heap before GC invocations=16 (full 3):
 PSYoungGen      total 185344K, used 166400K [0x00000000e0000000, 0x00000000ed600000, 0x0000000100000000)
  eden space 166400K, 100% used [0x00000000e0000000,0x00000000ea280000,0x00000000ea280000)
  from space 18944K, 0% used [0x00000000eb500000,0x00000000eb500000,0x00000000ec780000)
  to   space 18944K, 0% used [0x00000000ea280000,0x00000000ea280000,0x00000000eb500000)
 ParOldGen       total 137216K, used 30195K [0x00000000a0000000, 0x00000000a8600000, 0x00000000e0000000)
  object space 137216K, 22% used [0x00000000a0000000,0x00000000a1d7cc68,0x00000000a8600000)
 Metaspace       used 62075K, capacity 64412K, committed 64640K, reserved 1105920K
  class space    used 8471K, capacity 8987K, committed 9088K, reserved 1048576K
Event: 14.765 GC heap after
Heap after GC invocations=16 (full 3):
 PSYoungGen      total 185344K, used 14868K [0x00000000e0000000, 0x00000000eec00000, 0x0000000100000000)
  eden space 166400K, 0% used [0x00000000e0000000,0x00000000e0000000,0x00000000ea280000)
  from space 18944K, 78% used [0x00000000ea280000,0x00000000eb105198,0x00000000eb500000)
  to   space 20480K, 0% used [0x00000000ed800000,0x00000000ed800000,0x00000000eec00000)
 ParOldGen       total 137216K, used 30203K [0x00000000a0000000, 0x00000000a8600000, 0x00000000e0000000)
  object space 137216K, 22% used [0x00000000a0000000,0x00000000a1d7ec68,0x00000000a8600000)
 Metaspace       used 62075K, capacity 64412K, committed 64640K, reserved 1105920K
  class space    used 8471K, capacity 8987K, committed 9088K, reserved 1048576K
}
Event: 18.775 GC heap before
{Heap before GC invocations=17 (full 3):
 PSYoungGen      total 185344K, used 181268K [0x00000000e0000000, 0x00000000eec00000, 0x0000000100000000)
  eden space 166400K, 100% used [0x00000000e0000000,0x00000000ea280000,0x00000000ea280000)
  from space 18944K, 78% used [0x00000000ea280000,0x00000000eb105198,0x00000000eb500000)
  to   space 20480K, 0% used [0x00000000ed800000,0x00000000ed800000,0x00000000eec00000)
 ParOldGen       total 137216K, used 30203K [0x00000000a0000000, 0x00000000a8600000, 0x00000000e0000000)
  object space 137216K, 22% used [0x00000000a0000000,0x00000000a1d7ec68,0x00000000a8600000)
 Metaspace       used 69671K, capacity 72252K, committed 72448K, reserved 1112064K
  class space    used 9390K, capacity 9963K, committed 9984K, reserved 1048576K
Event: 18.814 GC heap after
Heap after GC invocations=17 (full 3):
 PSYoungGen      total 214528K, used 20473K [0x00000000e0000000, 0x00000000ef600000, 0x0000000100000000)
  eden space 194048K, 0% used [0x00000000e0000000,0x00000000e0000000,0x00000000ebd80000)
  from space 20480K, 99% used [0x00000000ed800000,0x00000000eebfe460,0x00000000eec00000)
  to   space 27136K, 0% used [0x00000000ebd80000,0x00000000ebd80000,0x00000000ed800000)
 ParOldGen       total 137216K, used 39972K [0x00000000a0000000, 0x00000000a8600000, 0x00000000e0000000)
  object space 137216K, 29% used [0x00000000a0000000,0x00000000a2709040,0x00000000a8600000)
 Metaspace       used 69671K, capacity 72252K, committed 72448K, reserved 1112064K
  class space    used 9390K, capacity 9963K, committed 9984K, reserved 1048576K
}
Event: 166.593 GC heap before
{Heap before GC invocations=18 (full 3):
 PSYoungGen      total 214528K, used 214521K [0x00000000e0000000, 0x00000000ef600000, 0x0000000100000000)
  eden space 194048K, 100% used [0x00000000e0000000,0x00000000ebd80000,0x00000000ebd80000)
  from space 20480K, 99% used [0x00000000ed800000,0x00000000eebfe460,0x00000000eec00000)
  to   space 27136K, 0% used [0x00000000ebd80000,0x00000000ebd80000,0x00000000ed800000)
 ParOldGen       total 137216K, used 39972K [0x00000000a0000000, 0x00000000a8600000, 0x00000000e0000000)
  object space 137216K, 29% used [0x00000000a0000000,0x00000000a2709040,0x00000000a8600000)
 Metaspace       used 75735K, capacity 78482K, committed 78592K, reserved 1118208K
  class space    used 9926K, capacity 10494K, committed 10496K, reserved 1048576K
Event: 166.633 GC heap after
Heap after GC invocations=18 (full 3):
 PSYoungGen      total 221184K, used 12790K [0x00000000e0000000, 0x00000000f0e00000, 0x0000000100000000)
  eden space 194048K, 0% used [0x00000000e0000000,0x00000000e0000000,0x00000000ebd80000)
  from space 27136K, 47% used [0x00000000ebd80000,0x00000000ec9fdaa8,0x00000000ed800000)
  to   space 26112K, 0% used [0x00000000ef480000,0x00000000ef480000,0x00000000f0e00000)
 ParOldGen       total 137216K, used 57074K [0x00000000a0000000, 0x00000000a8600000, 0x00000000e0000000)
  object space 137216K, 41% used [0x00000000a0000000,0x00000000a37bc9e8,0x00000000a8600000)
 Metaspace       used 75735K, capacity 78482K, committed 78592K, reserved 1118208K
  class space    used 9926K, capacity 10494K, committed 10496K, reserved 1048576K
}
Event: 170.225 GC heap before
{Heap before GC invocations=19 (full 3):
 PSYoungGen      total 221184K, used 206838K [0x00000000e0000000, 0x00000000f0e00000, 0x0000000100000000)
  eden space 194048K, 100% used [0x00000000e0000000,0x00000000ebd80000,0x00000000ebd80000)
  from space 27136K, 47% used [0x00000000ebd80000,0x00000000ec9fdaa8,0x00000000ed800000)
  to   space 26112K, 0% used [0x00000000ef480000,0x00000000ef480000,0x00000000f0e00000)
 ParOldGen       total 137216K, used 57074K [0x00000000a0000000, 0x00000000a8600000, 0x00000000e0000000)
  object space 137216K, 41% used [0x00000000a0000000,0x00000000a37bc9e8,0x00000000a8600000)
 Metaspace       used 81978K, capacity 85178K, committed 85248K, reserved 1122304K
  class space    used 10864K, capacity 11504K, committed 11520K, reserved 1048576K
Event: 170.264 GC heap after
Heap after GC invocations=19 (full 3):
 PSYoungGen      total 249344K, used 17237K [0x00000000e0000000, 0x00000000f0e00000, 0x0000000100000000)
  eden space 223232K, 0% used [0x00000000e0000000,0x00000000e0000000,0x00000000eda00000)
  from space 26112K, 66% used [0x00000000ef480000,0x00000000f0555468,0x00000000f0e00000)
  to   space 26624K, 0% used [0x00000000eda00000,0x00000000eda00000,0x00000000ef400000)
 ParOldGen       total 137216K, used 57082K [0x00000000a0000000, 0x00000000a8600000, 0x00000000e0000000)
  object space 137216K, 41% used [0x00000000a0000000,0x00000000a37be9e8,0x00000000a8600000)
 Metaspace       used 81978K, capacity 85178K, committed 85248K, reserved 1122304K
  class space    used 10864K, capacity 11504K, committed 11520K, reserved 1048576K
}

