# JRE version: OpenJDK Runtime Environment (8.0_212-b04) (build 1.8.0_212-release-1586-b04)
# Java VM: OpenJDK 64-Bit Server VM (25.212-b04 mixed mode windows-amd64 compressed oops)
Heap:
 PSYoungGen      total 162304K, used 59167K [0x00000000e0000000, 0x00000000ed900000, 0x0000000100000000)
  eden space 144384K, 28% used [0x00000000e0000000,0x00000000e284c208,0x00000000e8d00000)
  from space 17920K, 99% used [0x00000000ea400000,0x00000000eb57bd50,0x00000000eb580000)
  to   space 23552K, 0% used [0x00000000e8d00000,0x00000000e8d00000,0x00000000ea400000)
 ParOldGen       total 144384K, used 37298K [0x00000000a0000000, 0x00000000a8d00000, 0x00000000e0000000)
  object space 144384K, 25% used [0x00000000a0000000,0x00000000a246c860,0x00000000a8d00000)
 Metaspace       used 70572K, capacity 73566K, committed 73856K, reserved 1112064K
  class space    used 9670K, capacity 10280K, committed 10368K, reserved 1048576K
GC Heap History (10 events):
Event: 14.388 GC heap before
{Heap before GC invocations=13 (full 2):
 PSYoungGen      total 135168K, used 134680K [0x00000000e0000000, 0x00000000e9980000, 0x0000000100000000)
  eden space 122880K, 100% used [0x00000000e0000000,0x00000000e7800000,0x00000000e7800000)
  from space 12288K, 96% used [0x00000000e8d80000,0x00000000e9906358,0x00000000e9980000)
  to   space 13824K, 0% used [0x00000000e7e80000,0x00000000e7e80000,0x00000000e8c00000)
 ParOldGen       total 98304K, used 18125K [0x00000000a0000000, 0x00000000a6000000, 0x00000000e0000000)
  object space 98304K, 18% used [0x00000000a0000000,0x00000000a11b35a8,0x00000000a6000000)
 Metaspace       used 53723K, capacity 55474K, committed 55680K, reserved 1097728K
  class space    used 7295K, capacity 7717K, committed 7808K, reserved 1048576K
Event: 14.415 GC heap after
Heap after GC invocations=13 (full 2):
 PSYoungGen      total 143360K, used 13814K [0x00000000e0000000, 0x00000000eb580000, 0x0000000100000000)
  eden space 129536K, 0% used [0x00000000e0000000,0x00000000e0000000,0x00000000e7e80000)
  from space 13824K, 99% used [0x00000000e7e80000,0x00000000e8bfd8f0,0x00000000e8c00000)
  to   space 17920K, 0% used [0x00000000ea400000,0x00000000ea400000,0x00000000eb580000)
 ParOldGen       total 98304K, used 24747K [0x00000000a0000000, 0x00000000a6000000, 0x00000000e0000000)
  object space 98304K, 25% used [0x00000000a0000000,0x00000000a182ad18,0x00000000a6000000)
 Metaspace       used 53723K, capacity 55474K, committed 55680K, reserved 1097728K
  class space    used 7295K, capacity 7717K, committed 7808K, reserved 1048576K
}
Event: 15.513 GC heap before
{Heap before GC invocations=14 (full 2):
 PSYoungGen      total 143360K, used 72937K [0x00000000e0000000, 0x00000000eb580000, 0x0000000100000000)
  eden space 129536K, 45% used [0x00000000e0000000,0x00000000e39bccf0,0x00000000e7e80000)
  from space 13824K, 99% used [0x00000000e7e80000,0x00000000e8bfd8f0,0x00000000e8c00000)
  to   space 17920K, 0% used [0x00000000ea400000,0x00000000ea400000,0x00000000eb580000)
 ParOldGen       total 98304K, used 24747K [0x00000000a0000000, 0x00000000a6000000, 0x00000000e0000000)
  object space 98304K, 25% used [0x00000000a0000000,0x00000000a182ad18,0x00000000a6000000)
 Metaspace       used 57132K, capacity 59004K, committed 59160K, reserved 1099776K
  class space    used 7785K, capacity 8209K, committed 8320K, reserved 1048576K
Event: 15.553 GC heap after
Heap after GC invocations=14 (full 2):
 PSYoungGen      total 165376K, used 17900K [0x00000000e0000000, 0x00000000ec880000, 0x0000000100000000)
  eden space 147456K, 0% used [0x00000000e0000000,0x00000000e0000000,0x00000000e9000000)
  from space 17920K, 99% used [0x00000000ea400000,0x00000000eb57b3d8,0x00000000eb580000)
  to   space 20480K, 0% used [0x00000000e9000000,0x00000000e9000000,0x00000000ea400000)
 ParOldGen       total 98304K, used 24986K [0x00000000a0000000, 0x00000000a6000000, 0x00000000e0000000)
  object space 98304K, 25% used [0x00000000a0000000,0x00000000a1866910,0x00000000a6000000)
 Metaspace       used 57132K, capacity 59004K, committed 59160K, reserved 1099776K
  class space    used 7785K, capacity 8209K, committed 8320K, reserved 1048576K
}
Event: 15.553 GC heap before
{Heap before GC invocations=15 (full 3):
 PSYoungGen      total 165376K, used 17900K [0x00000000e0000000, 0x00000000ec880000, 0x0000000100000000)
  eden space 147456K, 0% used [0x00000000e0000000,0x00000000e0000000,0x00000000e9000000)
  from space 17920K, 99% used [0x00000000ea400000,0x00000000eb57b3d8,0x00000000eb580000)
  to   space 20480K, 0% used [0x00000000e9000000,0x00000000e9000000,0x00000000ea400000)
 ParOldGen       total 98304K, used 24986K [0x00000000a0000000, 0x00000000a6000000, 0x00000000e0000000)
  object space 98304K, 25% used [0x00000000a0000000,0x00000000a1866910,0x00000000a6000000)
 Metaspace       used 57132K, capacity 59004K, committed 59160K, reserved 1099776K
  class space    used 7785K, capacity 8209K, committed 8320K, reserved 1048576K
Event: 15.943 GC heap after
Heap after GC invocations=15 (full 3):
 PSYoungGen      total 165376K, used 0K [0x00000000e0000000, 0x00000000ec880000, 0x0000000100000000)
  eden space 147456K, 0% used [0x00000000e0000000,0x00000000e0000000,0x00000000e9000000)
  from space 17920K, 0% used [0x00000000ea400000,0x00000000ea400000,0x00000000eb580000)
  to   space 20480K, 0% used [0x00000000e9000000,0x00000000e9000000,0x00000000ea400000)
 ParOldGen       total 144384K, used 32945K [0x00000000a0000000, 0x00000000a8d00000, 0x00000000e0000000)
  object space 144384K, 22% used [0x00000000a0000000,0x00000000a202c448,0x00000000a8d00000)
 Metaspace       used 57129K, capacity 58992K, committed 59160K, reserved 1099776K
  class space    used 7784K, capacity 8207K, committed 8320K, reserved 1048576K
}
Event: 18.811 GC heap before
{Heap before GC invocations=16 (full 3):
 PSYoungGen      total 165376K, used 147456K [0x00000000e0000000, 0x00000000ec880000, 0x0000000100000000)
  eden space 147456K, 100% used [0x00000000e0000000,0x00000000e9000000,0x00000000e9000000)
  from space 17920K, 0% used [0x00000000ea400000,0x00000000ea400000,0x00000000eb580000)
  to   space 20480K, 0% used [0x00000000e9000000,0x00000000e9000000,0x00000000ea400000)
 ParOldGen       total 144384K, used 32945K [0x00000000a0000000, 0x00000000a8d00000, 0x00000000e0000000)
  object space 144384K, 22% used [0x00000000a0000000,0x00000000a202c448,0x00000000a8d00000)
 Metaspace       used 62481K, capacity 64956K, committed 65024K, reserved 1105920K
  class space    used 8619K, capacity 9177K, committed 9216K, reserved 1048576K
Event: 18.833 GC heap after
Heap after GC invocations=16 (full 3):
 PSYoungGen      total 167936K, used 11969K [0x00000000e0000000, 0x00000000ec880000, 0x0000000100000000)
  eden space 147456K, 0% used [0x00000000e0000000,0x00000000e0000000,0x00000000e9000000)
  from space 20480K, 58% used [0x00000000e9000000,0x00000000e9bb06b0,0x00000000ea400000)
  to   space 17920K, 0% used [0x00000000ea400000,0x00000000ea400000,0x00000000eb580000)
 ParOldGen       total 144384K, used 32953K [0x00000000a0000000, 0x00000000a8d00000, 0x00000000e0000000)
  object space 144384K, 22% used [0x00000000a0000000,0x00000000a202e448,0x00000000a8d00000)
 Metaspace       used 62481K, capacity 64956K, committed 65024K, reserved 1105920K
  class space    used 8619K, capacity 9177K, committed 9216K, reserved 1048576K
}
Event: 20.893 GC heap before
{Heap before GC invocations=17 (full 3):
 PSYoungGen      total 167936K, used 159425K [0x00000000e0000000, 0x00000000ec880000, 0x0000000100000000)
  eden space 147456K, 100% used [0x00000000e0000000,0x00000000e9000000,0x00000000e9000000)
  from space 20480K, 58% used [0x00000000e9000000,0x00000000e9bb06b0,0x00000000ea400000)
  to   space 17920K, 0% used [0x00000000ea400000,0x00000000ea400000,0x00000000eb580000)
 ParOldGen       total 144384K, used 32953K [0x00000000a0000000, 0x00000000a8d00000, 0x00000000e0000000)
  object space 144384K, 22% used [0x00000000a0000000,0x00000000a202e448,0x00000000a8d00000)
 Metaspace       used 69922K, capacity 72836K, committed 72960K, reserved 1112064K
  class space    used 9584K, capacity 10173K, committed 10240K, reserved 1048576K
Event: 20.920 GC heap after
Heap after GC invocations=17 (full 3):
 PSYoungGen      total 162304K, used 17903K [0x00000000e0000000, 0x00000000ed900000, 0x0000000100000000)
  eden space 144384K, 0% used [0x00000000e0000000,0x00000000e0000000,0x00000000e8d00000)
  from space 17920K, 99% used [0x00000000ea400000,0x00000000eb57bd50,0x00000000eb580000)
  to   space 23552K, 0% used [0x00000000e8d00000,0x00000000e8d00000,0x00000000ea400000)
 ParOldGen       total 144384K, used 37298K [0x00000000a0000000, 0x00000000a8d00000, 0x00000000e0000000)
  object space 144384K, 25% used [0x00000000a0000000,0x00000000a246c860,0x00000000a8d00000)
 Metaspace       used 69922K, capacity 72836K, committed 72960K, reserved 1112064K
  class space    used 9584K, capacity 10173K, committed 10240K, reserved 1048576K
}

