# JRE version: OpenJDK Runtime Environment (8.0_212-b04) (build 1.8.0_212-release-1586-b04)
# Java VM: OpenJDK 64-Bit Server VM (25.212-b04 mixed mode windows-amd64 compressed oops)
Heap:
 PSYoungGen      total 202240K, used 107972K [0x00000000e0000000, 0x00000000ef100000, 0x0000000100000000)
  eden space 177152K, 46% used [0x00000000e0000000,0x00000000e50f5d20,0x00000000ead00000)
  from space 25088K, 99% used [0x00000000ecb00000,0x00000000ee37b330,0x00000000ee380000)
  to   space 30720K, 0% used [0x00000000ead00000,0x00000000ead00000,0x00000000ecb00000)
 ParOldGen       total 139264K, used 42088K [0x00000000a0000000, 0x00000000a8800000, 0x00000000e0000000)
  object space 139264K, 30% used [0x00000000a0000000,0x00000000a291a3a0,0x00000000a8800000)
 Metaspace       used 82247K, capacity 86108K, committed 86400K, reserved 1124352K
  class space    used 10819K, capacity 11595K, committed 11648K, reserved 1048576K
GC Heap History (10 events):
Event: 13.777 GC heap before
{Heap before GC invocations=15 (full 3):
 PSYoungGen      total 179200K, used 1928K [0x00000000e0000000, 0x00000000ed080000, 0x0000000100000000)
  eden space 160256K, 0% used [0x00000000e0000000,0x00000000e0000000,0x00000000e9c80000)
  from space 18944K, 10% used [0x00000000eaf80000,0x00000000eb162198,0x00000000ec200000)
  to   space 19456K, 0% used [0x00000000e9c80000,0x00000000e9c80000,0x00000000eaf80000)
 ParOldGen       total 93184K, used 34181K [0x00000000a0000000, 0x00000000a5b00000, 0x00000000e0000000)
  object space 93184K, 36% used [0x00000000a0000000,0x00000000a2161628,0x00000000a5b00000)
 Metaspace       used 57356K, capacity 59060K, committed 59136K, reserved 1099776K
  class space    used 7731K, capacity 8131K, committed 8192K, reserved 1048576K
Event: 14.210 GC heap after
Heap after GC invocations=15 (full 3):
 PSYoungGen      total 179200K, used 0K [0x00000000e0000000, 0x00000000ed080000, 0x0000000100000000)
  eden space 160256K, 0% used [0x00000000e0000000,0x00000000e0000000,0x00000000e9c80000)
  from space 18944K, 0% used [0x00000000eaf80000,0x00000000eaf80000,0x00000000ec200000)
  to   space 19456K, 0% used [0x00000000e9c80000,0x00000000e9c80000,0x00000000eaf80000)
 ParOldGen       total 139264K, used 29330K [0x00000000a0000000, 0x00000000a8800000, 0x00000000e0000000)
  object space 139264K, 21% used [0x00000000a0000000,0x00000000a1ca4bd8,0x00000000a8800000)
 Metaspace       used 57356K, capacity 59060K, committed 59136K, reserved 1099776K
  class space    used 7731K, capacity 8131K, committed 8192K, reserved 1048576K
}
Event: 19.979 GC heap before
{Heap before GC invocations=16 (full 3):
 PSYoungGen      total 179200K, used 160256K [0x00000000e0000000, 0x00000000ed080000, 0x0000000100000000)
  eden space 160256K, 100% used [0x00000000e0000000,0x00000000e9c80000,0x00000000e9c80000)
  from space 18944K, 0% used [0x00000000eaf80000,0x00000000eaf80000,0x00000000ec200000)
  to   space 19456K, 0% used [0x00000000e9c80000,0x00000000e9c80000,0x00000000eaf80000)
 ParOldGen       total 139264K, used 29330K [0x00000000a0000000, 0x00000000a8800000, 0x00000000e0000000)
  object space 139264K, 21% used [0x00000000a0000000,0x00000000a1ca4bd8,0x00000000a8800000)
 Metaspace       used 64440K, capacity 66758K, committed 66816K, reserved 1107968K
  class space    used 8667K, capacity 9159K, committed 9216K, reserved 1048576K
Event: 20.009 GC heap after
Heap after GC invocations=16 (full 3):
 PSYoungGen      total 179712K, used 13679K [0x00000000e0000000, 0x00000000ede00000, 0x0000000100000000)
  eden space 160256K, 0% used [0x00000000e0000000,0x00000000e0000000,0x00000000e9c80000)
  from space 19456K, 70% used [0x00000000e9c80000,0x00000000ea9dbef8,0x00000000eaf80000)
  to   space 19968K, 0% used [0x00000000eca80000,0x00000000eca80000,0x00000000ede00000)
 ParOldGen       total 139264K, used 29338K [0x00000000a0000000, 0x00000000a8800000, 0x00000000e0000000)
  object space 139264K, 21% used [0x00000000a0000000,0x00000000a1ca6bd8,0x00000000a8800000)
 Metaspace       used 64440K, capacity 66758K, committed 66816K, reserved 1107968K
  class space    used 8667K, capacity 9159K, committed 9216K, reserved 1048576K
}
Event: 22.958 GC heap before
{Heap before GC invocations=17 (full 3):
 PSYoungGen      total 179712K, used 173935K [0x00000000e0000000, 0x00000000ede00000, 0x0000000100000000)
  eden space 160256K, 100% used [0x00000000e0000000,0x00000000e9c80000,0x00000000e9c80000)
  from space 19456K, 70% used [0x00000000e9c80000,0x00000000ea9dbef8,0x00000000eaf80000)
  to   space 19968K, 0% used [0x00000000eca80000,0x00000000eca80000,0x00000000ede00000)
 ParOldGen       total 139264K, used 29338K [0x00000000a0000000, 0x00000000a8800000, 0x00000000e0000000)
  object space 139264K, 21% used [0x00000000a0000000,0x00000000a1ca6bd8,0x00000000a8800000)
 Metaspace       used 71039K, capacity 73714K, committed 73984K, reserved 1114112K
  class space    used 9568K, capacity 10128K, committed 10240K, reserved 1048576K
Event: 22.999 GC heap after
Heap after GC invocations=17 (full 3):
 PSYoungGen      total 180224K, used 19943K [0x00000000e0000000, 0x00000000ede00000, 0x0000000100000000)
  eden space 160256K, 0% used [0x00000000e0000000,0x00000000e0000000,0x00000000e9c80000)
  from space 19968K, 99% used [0x00000000eca80000,0x00000000eddf9dd8,0x00000000ede00000)
  to   space 19456K, 0% used [0x00000000e9c80000,0x00000000e9c80000,0x00000000eaf80000)
 ParOldGen       total 139264K, used 31478K [0x00000000a0000000, 0x00000000a8800000, 0x00000000e0000000)
  object space 139264K, 22% used [0x00000000a0000000,0x00000000a1ebdbc0,0x00000000a8800000)
 Metaspace       used 71039K, capacity 73714K, committed 73984K, reserved 1114112K
  class space    used 9568K, capacity 10128K, committed 10240K, reserved 1048576K
}
Event: 37.809 GC heap before
{Heap before GC invocations=18 (full 3):
 PSYoungGen      total 180224K, used 180199K [0x00000000e0000000, 0x00000000ede00000, 0x0000000100000000)
  eden space 160256K, 100% used [0x00000000e0000000,0x00000000e9c80000,0x00000000e9c80000)
  from space 19968K, 99% used [0x00000000eca80000,0x00000000eddf9dd8,0x00000000ede00000)
  to   space 19456K, 0% used [0x00000000e9c80000,0x00000000e9c80000,0x00000000eaf80000)
 ParOldGen       total 139264K, used 31478K [0x00000000a0000000, 0x00000000a8800000, 0x00000000e0000000)
  object space 139264K, 22% used [0x00000000a0000000,0x00000000a1ebdbc0,0x00000000a8800000)
 Metaspace       used 76920K, capacity 80438K, committed 80768K, reserved 1118208K
  class space    used 10283K, capacity 11028K, committed 11136K, reserved 1048576K
Event: 37.847 GC heap after
Heap after GC invocations=18 (full 3):
 PSYoungGen      total 179712K, used 17739K [0x00000000e0000000, 0x00000000ee380000, 0x0000000100000000)
  eden space 160256K, 0% used [0x00000000e0000000,0x00000000e0000000,0x00000000e9c80000)
  from space 19456K, 91% used [0x00000000e9c80000,0x00000000eadd2cd0,0x00000000eaf80000)
  to   space 25088K, 0% used [0x00000000ecb00000,0x00000000ecb00000,0x00000000ee380000)
 ParOldGen       total 139264K, used 37470K [0x00000000a0000000, 0x00000000a8800000, 0x00000000e0000000)
  object space 139264K, 26% used [0x00000000a0000000,0x00000000a24978c0,0x00000000a8800000)
 Metaspace       used 76920K, capacity 80438K, committed 80768K, reserved 1118208K
  class space    used 10283K, capacity 11028K, committed 11136K, reserved 1048576K
}
Event: 40.953 GC heap before
{Heap before GC invocations=19 (full 3):
 PSYoungGen      total 179712K, used 177995K [0x00000000e0000000, 0x00000000ee380000, 0x0000000100000000)
  eden space 160256K, 100% used [0x00000000e0000000,0x00000000e9c80000,0x00000000e9c80000)
  from space 19456K, 91% used [0x00000000e9c80000,0x00000000eadd2cd0,0x00000000eaf80000)
  to   space 25088K, 0% used [0x00000000ecb00000,0x00000000ecb00000,0x00000000ee380000)
 ParOldGen       total 139264K, used 37470K [0x00000000a0000000, 0x00000000a8800000, 0x00000000e0000000)
  object space 139264K, 26% used [0x00000000a0000000,0x00000000a24978c0,0x00000000a8800000)
 Metaspace       used 79050K, capacity 82772K, committed 82944K, reserved 1120256K
  class space    used 10481K, capacity 11203K, committed 11264K, reserved 1048576K
Event: 41.013 GC heap after
Heap after GC invocations=19 (full 3):
 PSYoungGen      total 202240K, used 25068K [0x00000000e0000000, 0x00000000ef100000, 0x0000000100000000)
  eden space 177152K, 0% used [0x00000000e0000000,0x00000000e0000000,0x00000000ead00000)
  from space 25088K, 99% used [0x00000000ecb00000,0x00000000ee37b330,0x00000000ee380000)
  to   space 30720K, 0% used [0x00000000ead00000,0x00000000ead00000,0x00000000ecb00000)
 ParOldGen       total 139264K, used 42088K [0x00000000a0000000, 0x00000000a8800000, 0x00000000e0000000)
  object space 139264K, 30% used [0x00000000a0000000,0x00000000a291a3a0,0x00000000a8800000)
 Metaspace       used 79050K, capacity 82772K, committed 82944K, reserved 1120256K
  class space    used 10481K, capacity 11203K, committed 11264K, reserved 1048576K
}

