# JRE version: OpenJDK Runtime Environment (8.0_212-b04) (build 1.8.0_212-release-1586-b04)
# Java VM: OpenJDK 64-Bit Server VM (25.212-b04 mixed mode windows-amd64 compressed oops)
Heap:
 PSYoungGen      total 230912K, used 120580K [0x00000000e0000000, 0x00000000f0100000, 0x0000000100000000)
  eden space 206848K, 46% used [0x00000000e0000000,0x00000000e5e44078,0x00000000eca00000)
  from space 24064K, 99% used [0x00000000ee500000,0x00000000efc7cfa0,0x00000000efc80000)
  to   space 27648K, 0% used [0x00000000eca00000,0x00000000eca00000,0x00000000ee500000)
 ParOldGen       total 140800K, used 48911K [0x00000000a0000000, 0x00000000a8980000, 0x00000000e0000000)
  object space 140800K, 34% used [0x00000000a0000000,0x00000000a2fc3d38,0x00000000a8980000)
 Metaspace       used 85612K, capacity 88934K, committed 89216K, reserved 1126400K
  class space    used 11398K, capacity 12058K, committed 12160K, reserved 1048576K
GC Heap History (10 events):
Event: 22.512 GC heap before
{Heap before GC invocations=17 (full 3):
 PSYoungGen      total 175616K, used 171658K [0x00000000e0000000, 0x00000000ede00000, 0x0000000100000000)
  eden space 157184K, 100% used [0x00000000e0000000,0x00000000e9980000,0x00000000e9980000)
  from space 18432K, 78% used [0x00000000e9980000,0x00000000ea7a2a30,0x00000000eab80000)
  to   space 19968K, 0% used [0x00000000eca80000,0x00000000eca80000,0x00000000ede00000)
 ParOldGen       total 140800K, used 30277K [0x00000000a0000000, 0x00000000a8980000, 0x00000000e0000000)
  object space 140800K, 21% used [0x00000000a0000000,0x00000000a1d91690,0x00000000a8980000)
 Metaspace       used 66247K, capacity 68408K, committed 68608K, reserved 1107968K
  class space    used 8981K, capacity 9471K, committed 9472K, reserved 1048576K
Event: 22.538 GC heap after
Heap after GC invocations=17 (full 3):
 PSYoungGen      total 203776K, used 19956K [0x00000000e0000000, 0x00000000ee180000, 0x0000000100000000)
  eden space 183808K, 0% used [0x00000000e0000000,0x00000000e0000000,0x00000000eb380000)
  from space 19968K, 99% used [0x00000000eca80000,0x00000000eddfd298,0x00000000ede00000)
  to   space 23552K, 0% used [0x00000000eb380000,0x00000000eb380000,0x00000000eca80000)
 ParOldGen       total 140800K, used 32502K [0x00000000a0000000, 0x00000000a8980000, 0x00000000e0000000)
  object space 140800K, 23% used [0x00000000a0000000,0x00000000a1fbdb20,0x00000000a8980000)
 Metaspace       used 66247K, capacity 68408K, committed 68608K, reserved 1107968K
  class space    used 8981K, capacity 9471K, committed 9472K, reserved 1048576K
}
Event: 36.962 GC heap before
{Heap before GC invocations=18 (full 3):
 PSYoungGen      total 203776K, used 203764K [0x00000000e0000000, 0x00000000ee180000, 0x0000000100000000)
  eden space 183808K, 100% used [0x00000000e0000000,0x00000000eb380000,0x00000000eb380000)
  from space 19968K, 99% used [0x00000000eca80000,0x00000000eddfd298,0x00000000ede00000)
  to   space 23552K, 0% used [0x00000000eb380000,0x00000000eb380000,0x00000000eca80000)
 ParOldGen       total 140800K, used 32502K [0x00000000a0000000, 0x00000000a8980000, 0x00000000e0000000)
  object space 140800K, 23% used [0x00000000a0000000,0x00000000a1fbdb20,0x00000000a8980000)
 Metaspace       used 68712K, capacity 71014K, committed 71296K, reserved 1110016K
  class space    used 9302K, capacity 9794K, committed 9856K, reserved 1048576K
Event: 36.993 GC heap after
Heap after GC invocations=18 (full 3):
 PSYoungGen      total 207360K, used 5774K [0x00000000e0000000, 0x00000000efa00000, 0x0000000100000000)
  eden space 183808K, 0% used [0x00000000e0000000,0x00000000e0000000,0x00000000eb380000)
  from space 23552K, 24% used [0x00000000eb380000,0x00000000eb9238d0,0x00000000eca80000)
  to   space 23040K, 0% used [0x00000000ee380000,0x00000000ee380000,0x00000000efa00000)
 ParOldGen       total 140800K, used 48222K [0x00000000a0000000, 0x00000000a8980000, 0x00000000e0000000)
  object space 140800K, 34% used [0x00000000a0000000,0x00000000a2f17a28,0x00000000a8980000)
 Metaspace       used 68712K, capacity 71014K, committed 71296K, reserved 1110016K
  class space    used 9302K, capacity 9794K, committed 9856K, reserved 1048576K
}
Event: 38.581 GC heap before
{Heap before GC invocations=19 (full 3):
 PSYoungGen      total 207360K, used 189582K [0x00000000e0000000, 0x00000000efa00000, 0x0000000100000000)
  eden space 183808K, 100% used [0x00000000e0000000,0x00000000eb380000,0x00000000eb380000)
  from space 23552K, 24% used [0x00000000eb380000,0x00000000eb9238d0,0x00000000eca80000)
  to   space 23040K, 0% used [0x00000000ee380000,0x00000000ee380000,0x00000000efa00000)
 ParOldGen       total 140800K, used 48222K [0x00000000a0000000, 0x00000000a8980000, 0x00000000e0000000)
  object space 140800K, 34% used [0x00000000a0000000,0x00000000a2f17a28,0x00000000a8980000)
 Metaspace       used 68763K, capacity 71096K, committed 71296K, reserved 1110016K
  class space    used 9305K, capacity 9797K, committed 9856K, reserved 1048576K
Event: 38.607 GC heap after
Heap after GC invocations=19 (full 3):
 PSYoungGen      total 206848K, used 14937K [0x00000000e0000000, 0x00000000efa00000, 0x0000000100000000)
  eden space 183808K, 0% used [0x00000000e0000000,0x00000000e0000000,0x00000000eb380000)
  from space 23040K, 64% used [0x00000000ee380000,0x00000000ef216608,0x00000000efa00000)
  to   space 23552K, 0% used [0x00000000eb380000,0x00000000eb380000,0x00000000eca80000)
 ParOldGen       total 140800K, used 48230K [0x00000000a0000000, 0x00000000a8980000, 0x00000000e0000000)
  object space 140800K, 34% used [0x00000000a0000000,0x00000000a2f19a28,0x00000000a8980000)
 Metaspace       used 68763K, capacity 71096K, committed 71296K, reserved 1110016K
  class space    used 9305K, capacity 9797K, committed 9856K, reserved 1048576K
}
Event: 39.007 GC heap before
{Heap before GC invocations=20 (full 3):
 PSYoungGen      total 206848K, used 198745K [0x00000000e0000000, 0x00000000efa00000, 0x0000000100000000)
  eden space 183808K, 100% used [0x00000000e0000000,0x00000000eb380000,0x00000000eb380000)
  from space 23040K, 64% used [0x00000000ee380000,0x00000000ef216608,0x00000000efa00000)
  to   space 23552K, 0% used [0x00000000eb380000,0x00000000eb380000,0x00000000eca80000)
 ParOldGen       total 140800K, used 48230K [0x00000000a0000000, 0x00000000a8980000, 0x00000000e0000000)
  object space 140800K, 34% used [0x00000000a0000000,0x00000000a2f19a28,0x00000000a8980000)
 Metaspace       used 68783K, capacity 71100K, committed 71296K, reserved 1110016K
  class space    used 9305K, capacity 9797K, committed 9856K, reserved 1048576K
Event: 39.024 GC heap after
Heap after GC invocations=20 (full 3):
 PSYoungGen      total 207360K, used 15394K [0x00000000e0000000, 0x00000000efc80000, 0x0000000100000000)
  eden space 183808K, 0% used [0x00000000e0000000,0x00000000e0000000,0x00000000eb380000)
  from space 23552K, 65% used [0x00000000eb380000,0x00000000ec288810,0x00000000eca80000)
  to   space 24064K, 0% used [0x00000000ee500000,0x00000000ee500000,0x00000000efc80000)
 ParOldGen       total 140800K, used 48238K [0x00000000a0000000, 0x00000000a8980000, 0x00000000e0000000)
  object space 140800K, 34% used [0x00000000a0000000,0x00000000a2f1ba28,0x00000000a8980000)
 Metaspace       used 68783K, capacity 71100K, committed 71296K, reserved 1110016K
  class space    used 9305K, capacity 9797K, committed 9856K, reserved 1048576K
}
Event: 43.170 GC heap before
{Heap before GC invocations=21 (full 3):
 PSYoungGen      total 207360K, used 199202K [0x00000000e0000000, 0x00000000efc80000, 0x0000000100000000)
  eden space 183808K, 100% used [0x00000000e0000000,0x00000000eb380000,0x00000000eb380000)
  from space 23552K, 65% used [0x00000000eb380000,0x00000000ec288810,0x00000000eca80000)
  to   space 24064K, 0% used [0x00000000ee500000,0x00000000ee500000,0x00000000efc80000)
 ParOldGen       total 140800K, used 48238K [0x00000000a0000000, 0x00000000a8980000, 0x00000000e0000000)
  object space 140800K, 34% used [0x00000000a0000000,0x00000000a2f1ba28,0x00000000a8980000)
 Metaspace       used 83304K, capacity 86312K, committed 86656K, reserved 1124352K
  class space    used 11176K, capacity 11807K, committed 11904K, reserved 1048576K
Event: 43.206 GC heap after
Heap after GC invocations=21 (full 3):
 PSYoungGen      total 230912K, used 24051K [0x00000000e0000000, 0x00000000f0100000, 0x0000000100000000)
  eden space 206848K, 0% used [0x00000000e0000000,0x00000000e0000000,0x00000000eca00000)
  from space 24064K, 99% used [0x00000000ee500000,0x00000000efc7cfa0,0x00000000efc80000)
  to   space 27648K, 0% used [0x00000000eca00000,0x00000000eca00000,0x00000000ee500000)
 ParOldGen       total 140800K, used 48911K [0x00000000a0000000, 0x00000000a8980000, 0x00000000e0000000)
  object space 140800K, 34% used [0x00000000a0000000,0x00000000a2fc3d38,0x00000000a8980000)
 Metaspace       used 83304K, capacity 86312K, committed 86656K, reserved 1124352K
  class space    used 11176K, capacity 11807K, committed 11904K, reserved 1048576K
}

